<testsuite name="Mocha Tests" tests="1" failures="0" errors="1" skipped="0" timestamp="Mon, 24 May 2021 15:00:02 GMT" time="0.007">
<testcase classname="Example" name="test" time="0.005"><failure>Failed
AssertionError [ERR_ASSERTION] [ERR_ASSERTION]: Failed
    at Test.&#x3C;anonymous&#x3E; (example.tests.js:4:12)
    at run (packages/meteortesting:mocha-core/server.js:36:29)</failure></testcase>
</testsuite>
